17:15:58.781 [NamespaceSystem-akka.actor.default-dispatcher-4] INFO akka.event.slf4j.Slf4jLogger - Slf4jLogger started
17:15:59.061 [main] INFO com.firebase.server.forge.App$ - Listening at localhost:9000
17:22:46.164 [TriggersWorkerPool-3-2] ERROR com.firebase.server.client.GCFEmulatorPublisher - blazing-fire-8152 failed to publish trigger to functions emulator with exception
com.firebase.server.router.IdleTimeoutException: null
	at com.firebase.server.router.IdleStateDetectionHandler$.<init>(IdleStateDetectionHandler.scala:13)
	at com.firebase.server.router.IdleStateDetectionHandler$.<clinit>(IdleStateDetectionHandler.scala)
	at com.firebase.server.router.ServerChannelInitializer.$anonfun$initChannel$1(ServerChannelInitializer.scala:113)
	at com.firebase.server.router.ServerChannelInitializer$.withGroup(ServerChannelInitializer.scala:69)
	at com.firebase.server.router.ServerChannelInitializer.initChannel(ServerChannelInitializer.scala:110)
	at io.netty.channel.ChannelInitializer.initChannel(ChannelInitializer.java:113)
	at io.netty.channel.ChannelInitializer.handlerAdded(ChannelInitializer.java:105)
	at io.netty.channel.DefaultChannelPipeline.callHandlerAdded0(DefaultChannelPipeline.java:590)
	at io.netty.channel.DefaultChannelPipeline.access$000(DefaultChannelPipeline.java:44)
	at io.netty.channel.DefaultChannelPipeline$PendingHandlerAddedTask.execute(DefaultChannelPipeline.java:1355)
	at io.netty.channel.DefaultChannelPipeline.callHandlerAddedForAllHandlers(DefaultChannelPipeline.java:1090)
	at io.netty.channel.DefaultChannelPipeline.invokeHandlerAddedIfNeeded(DefaultChannelPipeline.java:640)
	at io.netty.channel.AbstractChannel$AbstractUnsafe.register0(AbstractChannel.java:452)
	at io.netty.channel.AbstractChannel$AbstractUnsafe.access$200(AbstractChannel.java:374)
	at io.netty.channel.AbstractChannel$AbstractUnsafe$1.run(AbstractChannel.java:424)
	at io.netty.util.concurrent.SingleThreadEventExecutor.runAllTasks(SingleThreadEventExecutor.java:399)
	at io.netty.channel.nio.NioEventLoop.run(NioEventLoop.java:464)
	at io.netty.util.concurrent.SingleThreadEventExecutor$2.run(SingleThreadEventExecutor.java:131)
	at io.netty.util.concurrent.DefaultThreadFactory$DefaultRunnableDecorator.run(DefaultThreadFactory.java:138)
	at java.lang.Thread.run(Unknown Source)
